<?xml version="1.0" encoding="UTF-8" ?>
<testsuite tests="9" failures="0" name="classTests.TestMCQuestion" time="0.002" errors="0" skipped="0">
  <properties>
[...]
</properties>
  <testcase classname="classTests.TestMCQuestion" name="testSettingStudentMCAnswer" time="0"/>
  <testcase classname="classTests.TestMCQuestion" name="testPassingInvalidMCAnswers" time="0"/>
  <testcase classname="classTests.TestMCQuestion" name="testStudentAnswerImmutableAfterGetting" time="0"/>
  <testcase classname="classTests.TestMCQuestion" name="testMultipleChoiceQuestionConstructor" time="0"/>
  <testcase classname="classTests.TestMCQuestion" name="testQuestionAnswersAreImmutable" time="0"/>
  <testcase classname="classTests.TestMCQuestion" name="testPassingInInvalidMCQuestionText" time="0.001"/>
  <testcase classname="classTests.TestMCQuestion" name="testPassingInvalidMCPointsValue" time="0"/>
  <testcase classname="classTests.TestMCQuestion" name="testPassingInInvalidMCQuestionNumber" time="0"/>
  <testcase classname="classTests.TestMCQuestion" name="testStudentMCAnswerImmutableAfterSetting" time="0.001"/>
</testsuite>